<?xml version="1.0" encoding="UTF-8"?>
<testsuite xmlns:xsi="http://www.w3.org/2001/XMLSchema-instance" xsi:noNamespaceSchemaLocation="https://maven.apache.org/surefire/maven-surefire-plugin/xsd/surefire-test-report-3.0.xsd" version="3.0" name="com.itheima.helloworld.HelloworldApplicationTests" time="5.601" tests="1" errors="0" skipped="0" failures="0">
  <properties>
    <property name="java.specification.version" value="21"/>
    <property name="sun.cpu.isalist" value="amd64"/>
    <property name="sun.jnu.encoding" value="GBK"/>
    <property name="java.class.path" value="E:\Linux课程相关资料(1)\Linux课程相关资料\部署工程demo\helloworld\target\test-classes;E:\Linux课程相关资料(1)\Linux课程相关资料\部署工程demo\helloworld\target\classes;D:\MySoft\maven\apache-maven-3.9.7\repo\org\springframework\boot\spring-boot-starter-web\3.3.2\spring-boot-starter-web-3.3.2.jar;D:\MySoft\maven\apache-maven-3.9.7\repo\org\springframework\boot\spring-boot-starter\3.3.2\spring-boot-starter-3.3.2.jar;D:\MySoft\maven\apache-maven-3.9.7\repo\org\springframework\boot\spring-boot\3.3.2\spring-boot-3.3.2.jar;D:\MySoft\maven\apache-maven-3.9.7\repo\org\springframework\boot\spring-boot-autoconfigure\3.3.2\spring-boot-autoconfigure-3.3.2.jar;D:\MySoft\maven\apache-maven-3.9.7\repo\org\springframework\boot\spring-boot-starter-logging\3.3.2\spring-boot-starter-logging-3.3.2.jar;D:\MySoft\maven\apache-maven-3.9.7\repo\ch\qos\logback\logback-classic\1.5.6\logback-classic-1.5.6.jar;D:\MySoft\maven\apache-maven-3.9.7\repo\ch\qos\logback\logback-core\1.5.6\logback-core-1.5.6.jar;D:\MySoft\maven\apache-maven-3.9.7\repo\org\apache\logging\log4j\log4j-to-slf4j\2.23.1\log4j-to-slf4j-2.23.1.jar;D:\MySoft\maven\apache-maven-3.9.7\repo\org\apache\logging\log4j\log4j-api\2.23.1\log4j-api-2.23.1.jar;D:\MySoft\maven\apache-maven-3.9.7\repo\org\slf4j\jul-to-slf4j\2.0.13\jul-to-slf4j-2.0.13.jar;D:\MySoft\maven\apache-maven-3.9.7\repo\jakarta\annotation\jakarta.annotation-api\2.1.1\jakarta.annotation-api-2.1.1.jar;D:\MySoft\maven\apache-maven-3.9.7\repo\org\yaml\snakeyaml\2.2\snakeyaml-2.2.jar;D:\MySoft\maven\apache-maven-3.9.7\repo\org\springframework\boot\spring-boot-starter-json\3.3.2\spring-boot-starter-json-3.3.2.jar;D:\MySoft\maven\apache-maven-3.9.7\repo\com\fasterxml\jackson\core\jackson-databind\2.17.2\jackson-databind-2.17.2.jar;D:\MySoft\maven\apache-maven-3.9.7\repo\com\fasterxml\jackson\core\jackson-annotations\2.17.2\jackson-annotations-2.17.2.jar;D:\MySoft\maven\apache-maven-3.9.7\repo\com\fasterxml\jackson\core\jackson-core\2.17.2\jackson-core-2.17.2.jar;D:\MySoft\maven\apache-maven-3.9.7\repo\com\fasterxml\jackson\datatype\jackson-datatype-jdk8\2.17.2\jackson-datatype-jdk8-2.17.2.jar;D:\MySoft\maven\apache-maven-3.9.7\repo\com\fasterxml\jackson\datatype\jackson-datatype-jsr310\2.17.2\jackson-datatype-jsr310-2.17.2.jar;D:\MySoft\maven\apache-maven-3.9.7\repo\com\fasterxml\jackson\module\jackson-module-parameter-names\2.17.2\jackson-module-parameter-names-2.17.2.jar;D:\MySoft\maven\apache-maven-3.9.7\repo\org\springframework\boot\spring-boot-starter-tomcat\3.3.2\spring-boot-starter-tomcat-3.3.2.jar;D:\MySoft\maven\apache-maven-3.9.7\repo\org\apache\tomcat\embed\tomcat-embed-core\10.1.26\tomcat-embed-core-10.1.26.jar;D:\MySoft\maven\apache-maven-3.9.7\repo\org\apache\tomcat\embed\tomcat-embed-el\10.1.26\tomcat-embed-el-10.1.26.jar;D:\MySoft\maven\apache-maven-3.9.7\repo\org\apache\tomcat\embed\tomcat-embed-websocket\10.1.26\tomcat-embed-websocket-10.1.26.jar;D:\MySoft\maven\apache-maven-3.9.7\repo\org\springframework\spring-web\6.1.11\spring-web-6.1.11.jar;D:\MySoft\maven\apache-maven-3.9.7\repo\org\springframework\spring-beans\6.1.11\spring-beans-6.1.11.jar;D:\MySoft\maven\apache-maven-3.9.7\repo\io\micrometer\micrometer-observation\1.13.2\micrometer-observation-1.13.2.jar;D:\MySoft\maven\apache-maven-3.9.7\repo\io\micrometer\micrometer-commons\1.13.2\micrometer-commons-1.13.2.jar;D:\MySoft\maven\apache-maven-3.9.7\repo\org\springframework\spring-webmvc\6.1.11\spring-webmvc-6.1.11.jar;D:\MySoft\maven\apache-maven-3.9.7\repo\org\springframework\spring-aop\6.1.11\spring-aop-6.1.11.jar;D:\MySoft\maven\apache-maven-3.9.7\repo\org\springframework\spring-context\6.1.11\spring-context-6.1.11.jar;D:\MySoft\maven\apache-maven-3.9.7\repo\org\springframework\spring-expression\6.1.11\spring-expression-6.1.11.jar;D:\MySoft\maven\apache-maven-3.9.7\repo\org\springframework\boot\spring-boot-starter-test\3.3.2\spring-boot-starter-test-3.3.2.jar;D:\MySoft\maven\apache-maven-3.9.7\repo\org\springframework\boot\spring-boot-test\3.3.2\spring-boot-test-3.3.2.jar;D:\MySoft\maven\apache-maven-3.9.7\repo\org\springframework\boot\spring-boot-test-autoconfigure\3.3.2\spring-boot-test-autoconfigure-3.3.2.jar;D:\MySoft\maven\apache-maven-3.9.7\repo\com\jayway\jsonpath\json-path\2.9.0\json-path-2.9.0.jar;D:\MySoft\maven\apache-maven-3.9.7\repo\org\slf4j\slf4j-api\2.0.13\slf4j-api-2.0.13.jar;D:\MySoft\maven\apache-maven-3.9.7\repo\jakarta\xml\bind\jakarta.xml.bind-api\4.0.2\jakarta.xml.bind-api-4.0.2.jar;D:\MySoft\maven\apache-maven-3.9.7\repo\jakarta\activation\jakarta.activation-api\2.1.3\jakarta.activation-api-2.1.3.jar;D:\MySoft\maven\apache-maven-3.9.7\repo\net\minidev\json-smart\2.5.1\json-smart-2.5.1.jar;D:\MySoft\maven\apache-maven-3.9.7\repo\net\minidev\accessors-smart\2.5.1\accessors-smart-2.5.1.jar;D:\MySoft\maven\apache-maven-3.9.7\repo\org\ow2\asm\asm\9.6\asm-9.6.jar;D:\MySoft\maven\apache-maven-3.9.7\repo\org\assertj\assertj-core\3.25.3\assertj-core-3.25.3.jar;D:\MySoft\maven\apache-maven-3.9.7\repo\net\bytebuddy\byte-buddy\1.14.18\byte-buddy-1.14.18.jar;D:\MySoft\maven\apache-maven-3.9.7\repo\org\awaitility\awaitility\4.2.1\awaitility-4.2.1.jar;D:\MySoft\maven\apache-maven-3.9.7\repo\org\hamcrest\hamcrest\2.2\hamcrest-2.2.jar;D:\MySoft\maven\apache-maven-3.9.7\repo\org\junit\jupiter\junit-jupiter\5.10.3\junit-jupiter-5.10.3.jar;D:\MySoft\maven\apache-maven-3.9.7\repo\org\junit\jupiter\junit-jupiter-api\5.10.3\junit-jupiter-api-5.10.3.jar;D:\MySoft\maven\apache-maven-3.9.7\repo\org\opentest4j\opentest4j\1.3.0\opentest4j-1.3.0.jar;D:\MySoft\maven\apache-maven-3.9.7\repo\org\junit\platform\junit-platform-commons\1.10.3\junit-platform-commons-1.10.3.jar;D:\MySoft\maven\apache-maven-3.9.7\repo\org\apiguardian\apiguardian-api\1.1.2\apiguardian-api-1.1.2.jar;D:\MySoft\maven\apache-maven-3.9.7\repo\org\junit\jupiter\junit-jupiter-params\5.10.3\junit-jupiter-params-5.10.3.jar;D:\MySoft\maven\apache-maven-3.9.7\repo\org\junit\jupiter\junit-jupiter-engine\5.10.3\junit-jupiter-engine-5.10.3.jar;D:\MySoft\maven\apache-maven-3.9.7\repo\org\junit\platform\junit-platform-engine\1.10.3\junit-platform-engine-1.10.3.jar;D:\MySoft\maven\apache-maven-3.9.7\repo\org\mockito\mockito-core\5.11.0\mockito-core-5.11.0.jar;D:\MySoft\maven\apache-maven-3.9.7\repo\net\bytebuddy\byte-buddy-agent\1.14.18\byte-buddy-agent-1.14.18.jar;D:\MySoft\maven\apache-maven-3.9.7\repo\org\objenesis\objenesis\3.3\objenesis-3.3.jar;D:\MySoft\maven\apache-maven-3.9.7\repo\org\mockito\mockito-junit-jupiter\5.11.0\mockito-junit-jupiter-5.11.0.jar;D:\MySoft\maven\apache-maven-3.9.7\repo\org\skyscreamer\jsonassert\1.5.3\jsonassert-1.5.3.jar;D:\MySoft\maven\apache-maven-3.9.7\repo\com\vaadin\external\google\android-json\0.0.20131108.vaadin1\android-json-0.0.20131108.vaadin1.jar;D:\MySoft\maven\apache-maven-3.9.7\repo\org\springframework\spring-core\6.1.11\spring-core-6.1.11.jar;D:\MySoft\maven\apache-maven-3.9.7\repo\org\springframework\spring-jcl\6.1.11\spring-jcl-6.1.11.jar;D:\MySoft\maven\apache-maven-3.9.7\repo\org\springframework\spring-test\6.1.11\spring-test-6.1.11.jar;D:\MySoft\maven\apache-maven-3.9.7\repo\org\xmlunit\xmlunit-core\2.9.1\xmlunit-core-2.9.1.jar;"/>
    <property name="java.vm.vendor" value="Oracle Corporation"/>
    <property name="sun.arch.data.model" value="64"/>
    <property name="user.variant" value=""/>
    <property name="java.vendor.url" value="https://java.oracle.com/"/>
    <property name="user.timezone" value="Asia/Shanghai"/>
    <property name="os.name" value="Windows 11"/>
    <property name="java.vm.specification.version" value="21"/>
    <property name="sun.java.launcher" value="SUN_STANDARD"/>
    <property name="user.country" value="CN"/>
    <property name="sun.boot.library.path" value="D:\Java\bin"/>
    <property name="sun.java.command" value="C:\Users\LENOVO\AppData\Local\Temp\surefire14467498483446474776\surefirebooter-20240725000136214_3.jar C:\Users\LENOVO\AppData\Local\Temp\surefire14467498483446474776 2024-07-25T00-01-35_917-jvmRun1 surefire-20240725000136214_1tmp surefire_0-20240725000136214_2tmp"/>
    <property name="jdk.debug" value="release"/>
    <property name="surefire.test.class.path" value="E:\Linux课程相关资料(1)\Linux课程相关资料\部署工程demo\helloworld\target\test-classes;E:\Linux课程相关资料(1)\Linux课程相关资料\部署工程demo\helloworld\target\classes;D:\MySoft\maven\apache-maven-3.9.7\repo\org\springframework\boot\spring-boot-starter-web\3.3.2\spring-boot-starter-web-3.3.2.jar;D:\MySoft\maven\apache-maven-3.9.7\repo\org\springframework\boot\spring-boot-starter\3.3.2\spring-boot-starter-3.3.2.jar;D:\MySoft\maven\apache-maven-3.9.7\repo\org\springframework\boot\spring-boot\3.3.2\spring-boot-3.3.2.jar;D:\MySoft\maven\apache-maven-3.9.7\repo\org\springframework\boot\spring-boot-autoconfigure\3.3.2\spring-boot-autoconfigure-3.3.2.jar;D:\MySoft\maven\apache-maven-3.9.7\repo\org\springframework\boot\spring-boot-starter-logging\3.3.2\spring-boot-starter-logging-3.3.2.jar;D:\MySoft\maven\apache-maven-3.9.7\repo\ch\qos\logback\logback-classic\1.5.6\logback-classic-1.5.6.jar;D:\MySoft\maven\apache-maven-3.9.7\repo\ch\qos\logback\logback-core\1.5.6\logback-core-1.5.6.jar;D:\MySoft\maven\apache-maven-3.9.7\repo\org\apache\logging\log4j\log4j-to-slf4j\2.23.1\log4j-to-slf4j-2.23.1.jar;D:\MySoft\maven\apache-maven-3.9.7\repo\org\apache\logging\log4j\log4j-api\2.23.1\log4j-api-2.23.1.jar;D:\MySoft\maven\apache-maven-3.9.7\repo\org\slf4j\jul-to-slf4j\2.0.13\jul-to-slf4j-2.0.13.jar;D:\MySoft\maven\apache-maven-3.9.7\repo\jakarta\annotation\jakarta.annotation-api\2.1.1\jakarta.annotation-api-2.1.1.jar;D:\MySoft\maven\apache-maven-3.9.7\repo\org\yaml\snakeyaml\2.2\snakeyaml-2.2.jar;D:\MySoft\maven\apache-maven-3.9.7\repo\org\springframework\boot\spring-boot-starter-json\3.3.2\spring-boot-starter-json-3.3.2.jar;D:\MySoft\maven\apache-maven-3.9.7\repo\com\fasterxml\jackson\core\jackson-databind\2.17.2\jackson-databind-2.17.2.jar;D:\MySoft\maven\apache-maven-3.9.7\repo\com\fasterxml\jackson\core\jackson-annotations\2.17.2\jackson-annotations-2.17.2.jar;D:\MySoft\maven\apache-maven-3.9.7\repo\com\fasterxml\jackson\core\jackson-core\2.17.2\jackson-core-2.17.2.jar;D:\MySoft\maven\apache-maven-3.9.7\repo\com\fasterxml\jackson\datatype\jackson-datatype-jdk8\2.17.2\jackson-datatype-jdk8-2.17.2.jar;D:\MySoft\maven\apache-maven-3.9.7\repo\com\fasterxml\jackson\datatype\jackson-datatype-jsr310\2.17.2\jackson-datatype-jsr310-2.17.2.jar;D:\MySoft\maven\apache-maven-3.9.7\repo\com\fasterxml\jackson\module\jackson-module-parameter-names\2.17.2\jackson-module-parameter-names-2.17.2.jar;D:\MySoft\maven\apache-maven-3.9.7\repo\org\springframework\boot\spring-boot-starter-tomcat\3.3.2\spring-boot-starter-tomcat-3.3.2.jar;D:\MySoft\maven\apache-maven-3.9.7\repo\org\apache\tomcat\embed\tomcat-embed-core\10.1.26\tomcat-embed-core-10.1.26.jar;D:\MySoft\maven\apache-maven-3.9.7\repo\org\apache\tomcat\embed\tomcat-embed-el\10.1.26\tomcat-embed-el-10.1.26.jar;D:\MySoft\maven\apache-maven-3.9.7\repo\org\apache\tomcat\embed\tomcat-embed-websocket\10.1.26\tomcat-embed-websocket-10.1.26.jar;D:\MySoft\maven\apache-maven-3.9.7\repo\org\springframework\spring-web\6.1.11\spring-web-6.1.11.jar;D:\MySoft\maven\apache-maven-3.9.7\repo\org\springframework\spring-beans\6.1.11\spring-beans-6.1.11.jar;D:\MySoft\maven\apache-maven-3.9.7\repo\io\micrometer\micrometer-observation\1.13.2\micrometer-observation-1.13.2.jar;D:\MySoft\maven\apache-maven-3.9.7\repo\io\micrometer\micrometer-commons\1.13.2\micrometer-commons-1.13.2.jar;D:\MySoft\maven\apache-maven-3.9.7\repo\org\springframework\spring-webmvc\6.1.11\spring-webmvc-6.1.11.jar;D:\MySoft\maven\apache-maven-3.9.7\repo\org\springframework\spring-aop\6.1.11\spring-aop-6.1.11.jar;D:\MySoft\maven\apache-maven-3.9.7\repo\org\springframework\spring-context\6.1.11\spring-context-6.1.11.jar;D:\MySoft\maven\apache-maven-3.9.7\repo\org\springframework\spring-expression\6.1.11\spring-expression-6.1.11.jar;D:\MySoft\maven\apache-maven-3.9.7\repo\org\springframework\boot\spring-boot-starter-test\3.3.2\spring-boot-starter-test-3.3.2.jar;D:\MySoft\maven\apache-maven-3.9.7\repo\org\springframework\boot\spring-boot-test\3.3.2\spring-boot-test-3.3.2.jar;D:\MySoft\maven\apache-maven-3.9.7\repo\org\springframework\boot\spring-boot-test-autoconfigure\3.3.2\spring-boot-test-autoconfigure-3.3.2.jar;D:\MySoft\maven\apache-maven-3.9.7\repo\com\jayway\jsonpath\json-path\2.9.0\json-path-2.9.0.jar;D:\MySoft\maven\apache-maven-3.9.7\repo\org\slf4j\slf4j-api\2.0.13\slf4j-api-2.0.13.jar;D:\MySoft\maven\apache-maven-3.9.7\repo\jakarta\xml\bind\jakarta.xml.bind-api\4.0.2\jakarta.xml.bind-api-4.0.2.jar;D:\MySoft\maven\apache-maven-3.9.7\repo\jakarta\activation\jakarta.activation-api\2.1.3\jakarta.activation-api-2.1.3.jar;D:\MySoft\maven\apache-maven-3.9.7\repo\net\minidev\json-smart\2.5.1\json-smart-2.5.1.jar;D:\MySoft\maven\apache-maven-3.9.7\repo\net\minidev\accessors-smart\2.5.1\accessors-smart-2.5.1.jar;D:\MySoft\maven\apache-maven-3.9.7\repo\org\ow2\asm\asm\9.6\asm-9.6.jar;D:\MySoft\maven\apache-maven-3.9.7\repo\org\assertj\assertj-core\3.25.3\assertj-core-3.25.3.jar;D:\MySoft\maven\apache-maven-3.9.7\repo\net\bytebuddy\byte-buddy\1.14.18\byte-buddy-1.14.18.jar;D:\MySoft\maven\apache-maven-3.9.7\repo\org\awaitility\awaitility\4.2.1\awaitility-4.2.1.jar;D:\MySoft\maven\apache-maven-3.9.7\repo\org\hamcrest\hamcrest\2.2\hamcrest-2.2.jar;D:\MySoft\maven\apache-maven-3.9.7\repo\org\junit\jupiter\junit-jupiter\5.10.3\junit-jupiter-5.10.3.jar;D:\MySoft\maven\apache-maven-3.9.7\repo\org\junit\jupiter\junit-jupiter-api\5.10.3\junit-jupiter-api-5.10.3.jar;D:\MySoft\maven\apache-maven-3.9.7\repo\org\opentest4j\opentest4j\1.3.0\opentest4j-1.3.0.jar;D:\MySoft\maven\apache-maven-3.9.7\repo\org\junit\platform\junit-platform-commons\1.10.3\junit-platform-commons-1.10.3.jar;D:\MySoft\maven\apache-maven-3.9.7\repo\org\apiguardian\apiguardian-api\1.1.2\apiguardian-api-1.1.2.jar;D:\MySoft\maven\apache-maven-3.9.7\repo\org\junit\jupiter\junit-jupiter-params\5.10.3\junit-jupiter-params-5.10.3.jar;D:\MySoft\maven\apache-maven-3.9.7\repo\org\junit\jupiter\junit-jupiter-engine\5.10.3\junit-jupiter-engine-5.10.3.jar;D:\MySoft\maven\apache-maven-3.9.7\repo\org\junit\platform\junit-platform-engine\1.10.3\junit-platform-engine-1.10.3.jar;D:\MySoft\maven\apache-maven-3.9.7\repo\org\mockito\mockito-core\5.11.0\mockito-core-5.11.0.jar;D:\MySoft\maven\apache-maven-3.9.7\repo\net\bytebuddy\byte-buddy-agent\1.14.18\byte-buddy-agent-1.14.18.jar;D:\MySoft\maven\apache-maven-3.9.7\repo\org\objenesis\objenesis\3.3\objenesis-3.3.jar;D:\MySoft\maven\apache-maven-3.9.7\repo\org\mockito\mockito-junit-jupiter\5.11.0\mockito-junit-jupiter-5.11.0.jar;D:\MySoft\maven\apache-maven-3.9.7\repo\org\skyscreamer\jsonassert\1.5.3\jsonassert-1.5.3.jar;D:\MySoft\maven\apache-maven-3.9.7\repo\com\vaadin\external\google\android-json\0.0.20131108.vaadin1\android-json-0.0.20131108.vaadin1.jar;D:\MySoft\maven\apache-maven-3.9.7\repo\org\springframework\spring-core\6.1.11\spring-core-6.1.11.jar;D:\MySoft\maven\apache-maven-3.9.7\repo\org\springframework\spring-jcl\6.1.11\spring-jcl-6.1.11.jar;D:\MySoft\maven\apache-maven-3.9.7\repo\org\springframework\spring-test\6.1.11\spring-test-6.1.11.jar;D:\MySoft\maven\apache-maven-3.9.7\repo\org\xmlunit\xmlunit-core\2.9.1\xmlunit-core-2.9.1.jar;"/>
    <property name="sun.cpu.endian" value="little"/>
    <property name="user.home" value="C:\Users\LENOVO"/>
    <property name="user.language" value="zh"/>
    <property name="java.specification.vendor" value="Oracle Corporation"/>
    <property name="java.version.date" value="2023-10-17"/>
    <property name="java.home" value="D:\Java"/>
    <property name="file.separator" value="\"/>
    <property name="basedir" value="E:\Linux课程相关资料(1)\Linux课程相关资料\部署工程demo\helloworld"/>
    <property name="java.vm.compressedOopsMode" value="Zero based"/>
    <property name="line.separator" value="&#10;"/>
    <property name="java.vm.specification.vendor" value="Oracle Corporation"/>
    <property name="java.specification.name" value="Java Platform API Specification"/>
    <property name="FILE_LOG_CHARSET" value="UTF-8"/>
    <property name="java.awt.headless" value="true"/>
    <property name="surefire.real.class.path" value="C:\Users\LENOVO\AppData\Local\Temp\surefire14467498483446474776\surefirebooter-20240725000136214_3.jar"/>
    <property name="user.script" value=""/>
    <property name="sun.management.compiler" value="HotSpot 64-Bit Tiered Compilers"/>
    <property name="java.runtime.version" value="21.0.1+12-LTS-29"/>
    <property name="user.name" value="LENOVO"/>
    <property name="stdout.encoding" value="GBK"/>
    <property name="path.separator" value=";"/>
    <property name="os.version" value="10.0"/>
    <property name="java.runtime.name" value="Java(TM) SE Runtime Environment"/>
    <property name="file.encoding" value="UTF-8"/>
    <property name="java.vm.name" value="Java HotSpot(TM) 64-Bit Server VM"/>
    <property name="localRepository" value="D:\MySoft\maven\apache-maven-3.9.7\repo"/>
    <property name="java.vendor.url.bug" value="https://bugreport.java.com/bugreport/"/>
    <property name="java.io.tmpdir" value="C:\Users\LENOVO\AppData\Local\Temp\"/>
    <property name="idea.version" value="2023.3"/>
    <property name="java.version" value="21.0.1"/>
    <property name="user.dir" value="E:\Linux课程相关资料(1)\Linux课程相关资料\部署工程demo\helloworld"/>
    <property name="os.arch" value="amd64"/>
    <property name="java.vm.specification.name" value="Java Virtual Machine Specification"/>
    <property name="PID" value="85448"/>
    <property name="sun.os.patch.level" value=""/>
    <property name="CONSOLE_LOG_CHARSET" value="UTF-8"/>
    <property name="native.encoding" value="GBK"/>
    <property name="java.library.path" value="D:\Java\bin;C:\Windows\Sun\Java\bin;C:\Windows\system32;C:\Windows;D:\VmWare\bin\;C:\Python312\Scripts\;C:\Python312\;E:\app\LENOVO\product\11.2.0\dbhome_1\bin;C:\Program Files\Microsoft MPI\Bin\;%jave_home%\bin;C:\Program Files\Common Files\Oracle\Java\javapath;C:\Program Files\Microsoft\jdk-17.0.8.7-hotspot\bin;D:\Scripts\;C:\Windows\system32;C:\Windows;C:\Windows\System32\Wbem;C:\Windows\System32\WindowsPowerShell\v1.0\;C:\Windows\System32\OpenSSH\;C:\Program Files (x86)\NVIDIA Corporation\PhysX\Common;C:\Program Files\NVIDIA Corporation\NVIDIA NvDLISR;C:\Program Files\dotnet\;C:\Program Files\Microsoft SQL Server\Client SDK\ODBC\170\Tools\Binn\;C:\Program Files (x86)\Microsoft SQL Server\100\Tools\Binn\;C:\Program Files\Microsoft SQL Server\100\Tools\Binn\;C:\Program Files\Microsoft SQL Server\100\DTS\Binn\;C:\Program Files\Microsoft SQL Server\150\Tools\Binn\;C:\Program Files\MySQL\MySQL Server 8.0\bin;C:\Program Files (x86)\Microsoft SQL Server\150\Tools\Binn\;C:\Program Files\Microsoft SQL Server\150\DTS\Binn\;D:\SQL Server\S\150\Tools\Binn\;C:\Program Files (x86)\Windows Kits\10\Windows Performance Toolkit\;C:\Program Files (x86)\Microsoft SQL Server\160\Tools\Binn\;C:\Program Files\Microsoft SQL Server\160\Tools\Binn\;C:\Program Files\Microsoft SQL Server\160\DTS\Binn\;C:\Program Files (x86)\Microsoft SQL Server\160\DTS\Binn\;C:\Program Files\MySQL\MySQL Server 8.0\bin;C:\ProgramData\chocolatey\bin;C:\Program Files\nodejs;%NODE_PATH%;C:\Program Files\Git\cmd;D:\MySoft\maven\apache-maven-3.9.7\bin;D:\Software\nodejs;D:\Software\Tomcat\apache-tomcat-9.0.89\bin;D:\Program Files\nodejs\;D:\Program Files\nodejs;D:\Program Files\nodejs\node_global;D:\Program Files\nodejs\node_cache;C:\Users\LENOVO\AppData\Roaming\npm;C:\Program Files\Azure Data Studio\bin;D:\DataGrip 2023.3.4\bin;;C:\Users\LENOVO\.dotnet\tools;D:\Program Files\Microsoft VS Code\bin;C:\Program Files\nodejs\node_global;D:\Program Files\PyCharm 2024.1.2\bin;;D:\Program Files\nodejs\node_global;;D:\Program Files\JetBrains\CLion 2024.1.4\bin;;."/>
    <property name="java.vm.info" value="mixed mode, sharing"/>
    <property name="stderr.encoding" value="GBK"/>
    <property name="java.vendor" value="Oracle Corporation"/>
    <property name="java.vm.version" value="21.0.1+12-LTS-29"/>
    <property name="sun.io.unicode.encoding" value="UnicodeLittle"/>
    <property name="maven.repo.local" value="D:\MySoft\maven\apache-maven-3.9.7\repo"/>
    <property name="java.class.version" value="65.0"/>
  </properties>
  <testcase name="contextLoads" classname="com.itheima.helloworld.HelloworldApplicationTests" time="1.558">
    <system-out><![CDATA[00:01:37.977 [main] INFO org.springframework.test.context.support.AnnotationConfigContextLoaderUtils -- Could not detect default configuration classes for test class [com.itheima.helloworld.HelloworldApplicationTests]: HelloworldApplicationTests does not declare any static, non-private, non-final, nested classes annotated with @Configuration.
00:01:38.225 [main] INFO org.springframework.boot.test.context.SpringBootTestContextBootstrapper -- Found @SpringBootConfiguration com.itheima.helloworld.HelloworldApplication for test class com.itheima.helloworld.HelloworldApplicationTests

  .   ____          _            __ _ _
 /\\ / ___'_ __ _ _(_)_ __  __ _ \ \ \ \
( ( )\___ | '_ | '_| | '_ \/ _` | \ \ \ \
 \\/  ___)| |_)| | | | | || (_| |  ) ) ) )
  '  |____| .__|_| |_|_| |_\__, | / / / /
 =========|_|==============|___/=/_/_/_/

 :: Spring Boot ::                (v3.3.2)

2024-07-25T00:01:39.147+08:00  INFO 85448 --- [           main] c.i.h.HelloworldApplicationTests         : Starting HelloworldApplicationTests using Java 21.0.1 with PID 85448 (started by LENOVO in E:\Linux课程相关资料(1)\Linux课程相关资料\部署工程demo\helloworld)
2024-07-25T00:01:39.152+08:00  INFO 85448 --- [           main] c.i.h.HelloworldApplicationTests         : No active profile set, falling back to 1 default profile: "default"
2024-07-25T00:01:41.670+08:00  INFO 85448 --- [           main] c.i.h.HelloworldApplicationTests         : Started HelloworldApplicationTests in 3.124 seconds (process running for 5.104)
]]></system-out>
    <system-err><![CDATA[WARNING: A Java agent has been loaded dynamically (D:\MySoft\maven\apache-maven-3.9.7\repo\net\bytebuddy\byte-buddy-agent\1.14.18\byte-buddy-agent-1.14.18.jar)
WARNING: If a serviceability tool is in use, please run with -XX:+EnableDynamicAgentLoading to hide this warning
WARNING: If a serviceability tool is not in use, please run with -Djdk.instrument.traceUsage for more information
WARNING: Dynamic loading of agents will be disallowed by default in a future release
]]></system-err>
  </testcase>
</testsuite>